[debug] [2023-03-16T11:30:58.259Z] ----------------------------------------------------------------------
[debug] [2023-03-16T11:30:58.262Z] Command:       /usr/bin/node /usr/bin/firebase init hosting
[debug] [2023-03-16T11:30:58.262Z] CLI Version:   11.24.1
[debug] [2023-03-16T11:30:58.262Z] Platform:      linux
[debug] [2023-03-16T11:30:58.262Z] Node Version:  v18.12.1
[debug] [2023-03-16T11:30:58.263Z] Time:          Thu Mar 16 2023 17:00:58 GMT+0530 (India Standard Time)
[debug] [2023-03-16T11:30:58.263Z] ----------------------------------------------------------------------
[debug] 
[debug] [2023-03-16T11:30:58.270Z] > command requires scopes: ["email","openid","https://www.googleapis.com/auth/cloudplatformprojects.readonly","https://www.googleapis.com/auth/firebase","https://www.googleapis.com/auth/cloud-platform"]
[debug] [2023-03-16T11:30:58.270Z] > authorizing via signed-in user (rsurya2101@gmail.com)
[info] 
     ######## #### ########  ######## ########     ###     ######  ########
     ##        ##  ##     ## ##       ##     ##  ##   ##  ##       ##
     ######    ##  ########  ######   ########  #########  ######  ######
     ##        ##  ##    ##  ##       ##     ## ##     ##       ## ##
     ##       #### ##     ## ######## ########  ##     ##  ######  ########

You're about to initialize a Firebase project in this directory:

  /home/user/Desktop/personal-portfolio

[info] 
=== Project Setup
[info] 
[info] First, let's associate this project directory with a Firebase project.
[info] You can create multiple project aliases by running firebase use --add, 
[info] but for now we'll just set up a default project.
[info] 
[debug] [2023-03-16T11:31:00.153Z] >>> [apiv2][query] GET https://firebase.googleapis.com/v1beta1/projects pageSize=100
[debug] [2023-03-16T11:31:00.978Z] <<< [apiv2][status] GET https://firebase.googleapis.com/v1beta1/projects 200
[debug] [2023-03-16T11:31:00.978Z] <<< [apiv2][body] GET https://firebase.googleapis.com/v1beta1/projects [omitted]
[info] i  Using project suryaportfolio-db36b (SuryaPortfolio) 
[info] 
=== Hosting Setup
[info] 
[info] Your public directory is the folder (relative to your project directory) that
[info] will contain Hosting assets to be uploaded with firebase deploy. If you
[info] have a build process for your assets, use your build's output directory.
[info] 
